<?xml version="1.0" encoding="UTF-8"?>
<testsuite xmlns:xsi="http://www.w3.org/2001/XMLSchema-instance" xsi:noNamespaceSchemaLocation="https://maven.apache.org/surefire/maven-surefire-plugin/xsd/surefire-test-report.xsd" version="3.0.2" name="com.zai.weather.ZaiApplicationTests" time="5.567" tests="1" errors="0" skipped="0" failures="0">
  <properties>
[...]
</properties>
  <testcase name="contextLoads" classname="com.zai.weather.ZaiApplicationTests" time="2.58">
    <system-out><![CDATA[17:32:16.058 [main] INFO org.springframework.test.context.support.AnnotationConfigContextLoaderUtils -- Could not detect default configuration classes for test class [com.zai.weather.ZaiApplicationTests]: ZaiApplicationTests does not declare any static, non-private, non-final, nested classes annotated with @Configuration.
17:32:16.339 [main] INFO org.springframework.boot.test.context.SpringBootTestContextBootstrapper -- Found @SpringBootConfiguration com.zai.weather.ZaiApplication for test class com.zai.weather.ZaiApplicationTests

  .   ____          _            __ _ _
 /\\ / ___'_ __ _ _(_)_ __  __ _ \ \ \ \
( ( )\___ | '_ | '_| | '_ \/ _` | \ \ \ \
 \\/  ___)| |_)| | | | | || (_| |  ) ) ) )
  '  |____| .__|_| |_|_| |_\__, | / / / /
 =========|_|==============|___/=/_/_/_/

 :: Spring Boot ::                (v3.4.5)

2025-05-20T17:32:17.763+08:00  INFO 14948 --- [zai] [           main] com.zai.weather.ZaiApplicationTests      : Starting ZaiApplicationTests using Java 17.0.12 with PID 14948 (started by Admin in C:\Users\Admin\IdeaProjects\zai)
2025-05-20T17:32:17.763+08:00  INFO 14948 --- [zai] [           main] com.zai.weather.ZaiApplicationTests      : No active profile set, falling back to 1 default profile: "default"
2025-05-20T17:32:18.669+08:00  INFO 14948 --- [zai] [           main] com.zai.weather.ZaiApplicationTests      : Started ZaiApplicationTests in 1.861 seconds (process running for 4.477)
]]></system-out>
  </testcase>
</testsuite>